<?xml version="1.0" encoding="UTF-8"?>
<!-- Generated by org.testng.reporters.JUnitReportReporter -->
<testsuite hostname="DESKTOP-954P55K" failures="0" tests="3" name="shopperStackApplication.Register_Login_Logout_Script" time="18.368" errors="0" timestamp="2023-08-04T22:43:19 IST" skipped="0">
  <testcase classname="shopperStackApplication.Register_Login_Logout_Script" name="CreateAccount" time="6.591"/>
  <system-out/>
  <testcase classname="shopperStackApplication.Register_Login_Logout_Script" name="login" time="8.115"/>
  <system-out/>
  <testcase classname="shopperStackApplication.Register_Login_Logout_Script" name="logout" time="3.662"/>
  <system-out/>
</testsuite> <!-- shopperStackApplication.Register_Login_Logout_Script -->
