<?xml version="1.0" encoding="UTF-8"?>
<!-- Generated by org.testng.reporters.JUnitReportReporter -->
<testsuite hostname="DESKTOP-954P55K" failures="0" tests="3" name="testNG_Practice.Group_Execution_Continution" time="0.005" errors="0" timestamp="2023-08-03T11:45:15 IST" skipped="0">
  <testcase classname="testNG_Practice.Group_Execution_Continution" name="Books" time="0.002"/>
  <system-out/>
  <testcase classname="testNG_Practice.Group_Execution_Continution" name="reviewproduct" time="0.001"/>
  <system-out/>
  <testcase classname="testNG_Practice.Group_Execution_Continution" name="computer" time="0.002"/>
  <system-out/>
</testsuite> <!-- testNG_Practice.Group_Execution_Continution -->
