<?xml version="1.0" encoding="UTF-8"?>
<!-- Generated by org.testng.reporters.JUnitReportReporter -->
<testsuite hostname="DESKTOP-954P55K" failures="0" tests="2" name="frameworkTraining.Learning_DataProvider" time="0.012" errors="0" timestamp="2023-08-03T16:49:37 IST" skipped="0">
  <testcase classname="frameworkTraining.Learning_DataProvider" name="loginData" time="0.003"/>
  <system-out/>
  <testcase classname="frameworkTraining.Learning_DataProvider" name="loginData" time="0.009"/>
  <system-out/>
</testsuite> <!-- frameworkTraining.Learning_DataProvider -->
