<?xml version="1.0" encoding="UTF-8"?>
<!-- Generated by org.testng.reporters.JUnitReportReporter -->
<testsuite hostname="DESKTOP-954P55K" failures="0" tests="4" name="shopperStackApplication.Test_Script_2" time="12.033" errors="0" timestamp="2023-08-04T15:47:46 IST" skipped="0">
  <testcase classname="shopperStackApplication.Test_Script_2" name="Login" time="4.609"/>
  <system-out/>
  <testcase classname="shopperStackApplication.Test_Script_2" name="addToCart" time="6.567"/>
  <system-out/>
  <testcase classname="shopperStackApplication.Test_Script_2" name="Remove" time="0.358"/>
  <system-out/>
  <testcase classname="shopperStackApplication.Test_Script_2" name="logout" time="0.499"/>
  <system-out/>
</testsuite> <!-- shopperStackApplication.Test_Script_2 -->
