<?xml version="1.0" encoding="UTF-8"?>
<!-- Generated by org.testng.reporters.JUnitReportReporter -->
<testsuite hostname="DESKTOP-954P55K" failures="0" tests="1" name="testNG_Practice.Working_With_GroupExecution" time="0.012" errors="0" timestamp="2023-08-03T11:45:15 IST" skipped="0">
  <testcase classname="testNG_Practice.Working_With_GroupExecution" name="loginTest" time="0.012"/>
  <system-out/>
</testsuite> <!-- testNG_Practice.Working_With_GroupExecution -->
