<?xml version="1.0" encoding="UTF-8"?>
<!-- Generated by org.testng.reporters.JUnitReportReporter -->
<testsuite hostname="DESKTOP-954P55K" failures="0" tests="2" name="testNG_Practice.Learning_TestAnnotation" time="0.012" errors="0" timestamp="2023-08-02T16:40:56 IST" skipped="0">
  <testcase classname="testNG_Practice.Learning_TestAnnotation" name="Apple" time="0.010"/>
  <system-out/>
  <testcase classname="testNG_Practice.Learning_TestAnnotation" name="Orange" time="0.002"/>
  <system-out/>
</testsuite> <!-- testNG_Practice.Learning_TestAnnotation -->
