<?xml version="1.0" encoding="UTF-8"?>
<!-- Generated by org.testng.reporters.JUnitReportReporter -->
<testsuite hostname="DESKTOP-954P55K" failures="0" tests="1" name="frameworkTraining.LoginTest" time="1.363" errors="0" timestamp="2023-08-05T14:35:05 IST" skipped="0">
  <testcase classname="frameworkTraining.LoginTest" name="login" time="1.363"/>
  <system-out/>
</testsuite> <!-- frameworkTraining.LoginTest -->
