<?xml version="1.0" encoding="UTF-8"?>
<!-- Generated by org.testng.reporters.JUnitReportReporter -->
<testsuite hostname="DESKTOP-954P55K" failures="0" tests="1" name="test_Case_Demo_Web_Shop.TC_DWS_Login_002" time="3.597" errors="0" timestamp="2023-08-03T12:57:11 IST" skipped="0">
  <testcase classname="test_Case_Demo_Web_Shop.TC_DWS_Login_002" name="login" time="3.597"/>
  <system-out/>
</testsuite> <!-- test_Case_Demo_Web_Shop.TC_DWS_Login_002 -->
