<?xml version="1.0" encoding="UTF-8"?>
<!-- Generated by org.testng.reporters.JUnitReportReporter -->
<testsuite hostname="DESKTOP-954P55K" failures="0" tests="2" name="testNg_Basics.DataProviderFromExcel" time="0.613" errors="0" timestamp="2023-08-07T10:01:46 IST" skipped="0">
  <testcase classname="testNg_Basics.DataProviderFromExcel" name="Data" time="0.579"/>
  <system-out/>
  <testcase classname="testNg_Basics.DataProviderFromExcel" name="multipleData" time="0.034"/>
  <system-out/>
</testsuite> <!-- testNg_Basics.DataProviderFromExcel -->
