<?xml version="1.0" encoding="UTF-8"?>
<!-- Generated by org.testng.reporters.JUnitReportReporter -->
<testsuite hostname="DESKTOP-954P55K" failures="0" tests="1" name="testNg_Basics.LoginTest" time="5.216" errors="0" timestamp="2023-08-05T12:06:36 IST" skipped="0">
  <testcase classname="testNg_Basics.LoginTest" name="login" time="5.216"/>
  <system-out/>
</testsuite> <!-- testNg_Basics.LoginTest -->
