<?xml version="1.0" encoding="UTF-8"?>
<!-- Generated by org.testng.reporters.JUnitReportReporter -->
<testsuite hostname="DESKTOP-954P55K" failures="0" tests="4" name="frameworkTraining.Learning_Parallel_Execution" time="33.590" errors="0" timestamp="2023-08-04T10:29:12 IST" skipped="0">
  <testcase classname="frameworkTraining.Learning_Parallel_Execution" name="login" time="6.306"/>
  <system-out/>
  <testcase classname="frameworkTraining.Learning_Parallel_Execution" name="login" time="10.504"/>
  <system-out/>
  <testcase classname="frameworkTraining.Learning_Parallel_Execution" name="login" time="10.551"/>
  <system-out/>
  <testcase classname="frameworkTraining.Learning_Parallel_Execution" name="login" time="6.229"/>
  <system-out/>
</testsuite> <!-- frameworkTraining.Learning_Parallel_Execution -->
