<?xml version="1.0" encoding="UTF-8"?>
<!-- Generated by org.testng.reporters.JUnitReportReporter -->
<testsuite hostname="DESKTOP-954P55K" failures="0" tests="8" name="testNG_Practice.Learning_Prioritizing" time="0.020" errors="0" timestamp="2023-08-03T12:20:34 IST" skipped="0">
  <testcase classname="testNG_Practice.Learning_Prioritizing" name="reviewproduct" time="0.001"/>
  <system-out/>
  <testcase classname="testNG_Practice.Learning_Prioritizing" name="Books" time="0.010"/>
  <system-out/>
  <testcase classname="testNG_Practice.Learning_Prioritizing" name="computer" time="0.002"/>
  <system-out/>
  <testcase classname="testNG_Practice.Learning_Prioritizing" name="registerTest" time="0.002"/>
  <system-out/>
  <testcase classname="testNG_Practice.Learning_Prioritizing" name="loginTest" time="0.001"/>
  <system-out/>
  <testcase classname="testNG_Practice.Learning_Prioritizing" name="addToCart" time="0.002"/>
  <system-out/>
  <testcase classname="testNG_Practice.Learning_Prioritizing" name="addTowishList" time="0.001"/>
  <system-out/>
  <testcase classname="testNG_Practice.Learning_Prioritizing" name="logout" time="0.001"/>
  <system-out/>
</testsuite> <!-- testNG_Practice.Learning_Prioritizing -->
