<?xml version="1.0" encoding="UTF-8"?>
<!-- Generated by org.testng.reporters.JUnitReportReporter -->
<testsuite hostname="DESKTOP-954P55K" failures="0" tests="1" name="assertion.Learning_Hard_Assertion" time="1.406" errors="0" timestamp="2023-08-05T18:44:40 IST" skipped="0">
  <testcase classname="assertion.Learning_Hard_Assertion" name="login" time="1.406"/>
  <system-out/>
</testsuite> <!-- assertion.Learning_Hard_Assertion -->
