<?xml version="1.0" encoding="UTF-8"?>
<!-- Generated by org.testng.reporters.JUnitReportReporter -->
<testsuite hostname="DESKTOP-954P55K" failures="0" tests="3" name="shopperStackApplication.Test_Script_1" time="15.942" errors="0" timestamp="2023-08-04T14:06:48 IST" skipped="0">
  <testcase classname="shopperStackApplication.Test_Script_1" name="CreateAccount" time="5.648"/>
  <system-out/>
  <testcase classname="shopperStackApplication.Test_Script_1" name="login" time="10.014"/>
  <system-out/>
  <testcase classname="shopperStackApplication.Test_Script_1" name="logout" time="0.280"/>
  <system-out/>
</testsuite> <!-- shopperStackApplication.Test_Script_1 -->
