<?xml version="1.0" encoding="UTF-8"?>
<!-- Generated by org.testng.reporters.JUnitReportReporter -->
<testsuite hostname="DESKTOP-954P55K" failures="0" tests="1" name="testNG_Practice.Learning_Configuration_Annotation" time="0.008" errors="0" timestamp="2023-08-02T17:25:40 IST" skipped="0">
  <testcase classname="testNG_Practice.Learning_Configuration_Annotation" name="testAnnotation" time="0.008"/>
  <system-out/>
</testsuite> <!-- testNG_Practice.Learning_Configuration_Annotation -->
