<?xml version="1.0" encoding="UTF-8"?>
<!-- Generated by org.testng.reporters.JUnitReportReporter -->
<testsuite hostname="DESKTOP-954P55K" failures="0" tests="2" name="frameworkTraining.DataProvider_FromEXCEL_For_LOgin" time="11.467" errors="0" timestamp="2023-08-05T12:43:17 IST" skipped="0">
  <testcase classname="frameworkTraining.DataProvider_FromEXCEL_For_LOgin" name="Login" time="5.876"/>
  <system-out/>
  <testcase classname="frameworkTraining.DataProvider_FromEXCEL_For_LOgin" name="Login" time="5.591"/>
  <system-out/>
</testsuite> <!-- frameworkTraining.DataProvider_FromEXCEL_For_LOgin -->
